Arguments: 
  /usr/local/bin/node /usr/local/Cellar/yarn/1.21.1/libexec/bin/yarn.js copy-toolkit

PATH: 
  /usr/local/bin:/Library/Frameworks/Python.framework/Versions/3.5/bin:/Applications/AMPPS/php-5.5/bin:/Applications/AMPPS/php/bin:/usr/local/bin:/usr/bin:/bin:/usr/sbin:/sbin

Yarn version: 
  1.21.1

Node version: 
  15.14.0

Platform: 
  darwin x64

Trace: 
  SyntaxError: /Users/atanasster/structured-types/packages/vscode-plugin/package.json: Unexpected token 
   in JSON at position 673
      at JSON.parse (<anonymous>)
      at /usr/local/Cellar/yarn/1.21.1/libexec/lib/cli.js:1625:59
      at Generator.next (<anonymous>)
      at step (/usr/local/Cellar/yarn/1.21.1/libexec/lib/cli.js:310:30)
      at /usr/local/Cellar/yarn/1.21.1/libexec/lib/cli.js:321:13

npm manifest: 
  {
    "name": "@structured-types/vscode-plugin",
    "publisher": "atanasster",
    "version": "3.31.0",
    "description": "VSCode plugin to display type documentation for a file",
    "keywords": [
      "structured-types",
      "vscode",
      "typescript"
    ],
    "engines": {
      "vscode": "^1.50.0"
    },
    "main": "dist/extension.js",
    "typings": "dist/extension/extension.d.ts",
    "files": [
      "dist/",
      "package.json",
      "README.md"
    ],
    "scripts": {
      "vscode:prepublish": "yarn build",
      "copy-toolkit": "copyfiles -f ../..node_modules/@vscode/webview-ui-toolkit/dist/toolkit.js dist",
      "postinstall": "node ../../node_modules/vscode/bin/install && copy-toolkit 
      "build": "tsc -p tsconfig.json",
      "dev": "tsc -w -p tsconfig.json",
      "lint": "yarn eslint . --ext ts,tsx",
      "fix": "yarn lint --fix",
      "clean": "rimraf dist coverage"
    },
    "homepage": "https://github.com/ccontrols/structured-types",
    "bugs": {
      "url": "https://github.com/ccontrols/structured-types/issues"
    },
    "repository": {
      "type": "git",
      "url": "https://github.com/ccontrols/structured-types.git",
      "directory": "packages/ts-playground-plugin"
    },
    "license": "MIT",
    "dependencies": {
      "@structured-types/api": "^3.31.0",
      "@structured-types/api-docs": "^3.31.0",
      "@structured-types/prop-types-plugin": "^3.31.0",
      "@structured-types/react-plugin": "^3.31.0",
      "@vscode/webview-ui-toolkit": "^0.8.2",
      "deepmerge": "^4.2.2",
      "vscode": "^1.1.37"
    },
    "devDependencies": {
      "@types/node": "^16.3.3",
      "copyfiles": "^2.4.1"
    },
    "activationEvents": [
      "onCommand:structured-types.openPreview",
      "onCommand:structured-types.refresh",
      "onCommand:structured-types.openPreviewSide"
    ],
    "contributes": {
      "commands": [
        {
          "command": "structured-types.openPreview",
          "title": "%structured-types.openPreview.title%",
          "category": "Documentation"
        },
        {
          "command": "structured-types.openPreviewSide",
          "title": "%structured-types.openPreviewSide.title%",
          "category": "Documentation",
          "icon": "$(open-preview)"
        },
        {
          "command": "structured-types.refresh",
          "title": "%structured-types.refresh.title%",
          "category": "Documentation",
          "icon": "$(open-preview)"
        }
      ],
      "keybindings": [
        {
          "command": "structured-types.openPreview",
          "key": "ctrl+shift+v",
          "mac": "cmd+shift+v",
          "when": "(editorLangId == typescript || resourceLangId == typescriptreact || resourceLangId == javascript || resourceLangId == javascriptreact) && !notebookEditorFocused"
        }
      ],
      "menus": {
        "explorer/context": [
          {
            "command": "structured-types.openPreview",
            "when": "resourceLangId == typescript || resourceLangId == typescriptreact || resourceLangId == javascript || resourceLangId == javascriptreact",
            "group": "navigation"
          }
        ],
        "editor/title": [
          {
            "command": "structured-types.openPreviewSide",
            "when": "(editorLangId == typescript || resourceLangId == typescriptreact || resourceLangId == javascript || resourceLangId == javascriptreact) && !notebookEditorFocused",
            "alt": "structured-types.openPreview",
            "group": "navigation"
          },
          {
            "command": "structured-types.refresh",
            "when": "documentation_view_active",
            "group": "1_documentation"
          }
        ],
        "editor/title/context": [
          {
            "command": "structured-types.openPreview",
            "when": "resourceLangId == typescript || resourceLangId == typescriptreact || resourceLangId == javascript || resourceLangId == javascriptreact",
            "group": "1_open"
          },
          {
            "command": "structured-types.openPreviewSide",
            "when": "resourceLangId == typescript || resourceLangId == typescriptreact || resourceLangId == javascript || resourceLangId == javascriptreact",
            "group": "1_open"
          },
          {
            "command": "structured-types.refresh",
            "when": "documentation_view_active",
            "group": "1_open"
          }
        ],
        "commandPalette": [
          {
            "command": "structured-types.openPreview",
            "when": "(resourceLangId == typescript || resourceLangId == typescriptreact || resourceLangId == javascript || resourceLangId == javascriptreact) && !notebookEditorFocused",
            "group": "navigation"
          },
          {
            "command": "structured-types.openPreviewSide",
            "when": "(resourceLangId == typescript || resourceLangId == typescriptreact || resourceLangId == javascript || resourceLangId == javascriptreact) && !notebookEditorFocused",
            "group": "navigation"
          },
          {
            "command": "structured-types.refresh",
            "when": "documentation_view_active"
          }
        ]
      }
    },
    "author": {
      "name": "Atanas Stoyanov",
      "email": "atanasster@gmail.com",
      "url": "https://github.com/ccontrols"
    },
    "publishConfig": {
      "access": "public"
    }
  }

yarn manifest: 
  No manifest

Lockfile: 
  No lockfile
